R2D2Agent(
  (online_net): AtariLSTMNet(
    (net): _ConstSequential(
      (0): WeakScriptModuleProxy()
      (1): WeakScriptModuleProxy()
      (2): WeakScriptModuleProxy()
      (3): WeakScriptModuleProxy()
      (4): WeakScriptModuleProxy()
      (5): WeakScriptModuleProxy()
    )
    (lstm): WeakScriptModuleProxy()
    (fc_v): WeakScriptModuleProxy()
    (fc_a): WeakScriptModuleProxy()
  )
  (target_net): AtariLSTMNet(
    (net): _ConstSequential(
      (0): WeakScriptModuleProxy()
      (1): WeakScriptModuleProxy()
      (2): WeakScriptModuleProxy()
      (3): WeakScriptModuleProxy()
      (4): WeakScriptModuleProxy()
      (5): WeakScriptModuleProxy()
    )
    (lstm): WeakScriptModuleProxy()
    (fc_v): WeakScriptModuleProxy()
    (fc_a): WeakScriptModuleProxy()
  )
)
creating train env
Finished creating environments with 1600 games
warming up replay buffer: 0
